# JRE version: OpenJDK Runtime Environment (11.0.6+10) (build 11.0.6+10)
# Java VM: OpenJDK 64-Bit Server VM (11.0.6+10, mixed mode, tiered, compressed oops, g1 gc, bsd-amd64)
Heap:
 garbage-first heap   total 262144K, used 108399K [0x0000000700000000, 0x0000000800000000)
  region size 1024K, 11 young (11264K), 10 survivors (10240K)
 Metaspace       used 47130K, capacity 48183K, committed 48380K, reserved 1091584K
  class space    used 5753K, capacity 6159K, committed 6220K, reserved 1048576K
GC Heap History (20 events):
Event: 597.047 GC heap before
{Heap before GC invocations=42 (full 0):
 garbage-first heap   total 262144K, used 131740K [0x0000000700000000, 0x0000000800000000)
  region size 1024K, 10 young (10240K), 9 survivors (9216K)
 Metaspace       used 46184K, capacity 47218K, committed 47612K, reserved 1091584K
  class space    used 5714K, capacity 6117K, committed 6220K, reserved 1048576K
}
Event: 597.059 GC heap after
{Heap after GC invocations=43 (full 0):
 garbage-first heap   total 262144K, used 48049K [0x0000000700000000, 0x0000000800000000)
  region size 1024K, 6 young (6144K), 6 survivors (6144K)
 Metaspace       used 46184K, capacity 47218K, committed 47612K, reserved 1091584K
  class space    used 5714K, capacity 6117K, committed 6220K, reserved 1048576K
}
Event: 605.817 GC heap before
{Heap before GC invocations=44 (full 0):
 garbage-first heap   total 262144K, used 115633K [0x0000000700000000, 0x0000000800000000)
  region size 1024K, 12 young (12288K), 6 survivors (6144K)
 Metaspace       used 46270K, capacity 47288K, committed 47612K, reserved 1091584K
  class space    used 5717K, capacity 6119K, committed 6220K, reserved 1048576K
}
Event: 605.820 GC heap after
{Heap after GC invocations=45 (full 0):
 garbage-first heap   total 262144K, used 89059K [0x0000000700000000, 0x0000000800000000)
  region size 1024K, 6 young (6144K), 6 survivors (6144K)
 Metaspace       used 46270K, capacity 47288K, committed 47612K, reserved 1091584K
  class space    used 5717K, capacity 6119K, committed 6220K, reserved 1048576K
}
Event: 605.914 GC heap before
{Heap before GC invocations=46 (full 0):
 garbage-first heap   total 262144K, used 173027K [0x0000000700000000, 0x0000000800000000)
  region size 1024K, 72 young (73728K), 6 survivors (6144K)
 Metaspace       used 46295K, capacity 47352K, committed 47612K, reserved 1091584K
  class space    used 5717K, capacity 6119K, committed 6220K, reserved 1048576K
}
Event: 605.919 GC heap after
{Heap after GC invocations=47 (full 0):
 garbage-first heap   total 262144K, used 44327K [0x0000000700000000, 0x0000000800000000)
  region size 1024K, 5 young (5120K), 5 survivors (5120K)
 Metaspace       used 46295K, capacity 47352K, committed 47612K, reserved 1091584K
  class space    used 5717K, capacity 6119K, committed 6220K, reserved 1048576K
}
Event: 606.096 GC heap before
{Heap before GC invocations=47 (full 0):
 garbage-first heap   total 262144K, used 169255K [0x0000000700000000, 0x0000000800000000)
  region size 1024K, 105 young (107520K), 5 survivors (5120K)
 Metaspace       used 46321K, capacity 47358K, committed 47612K, reserved 1091584K
  class space    used 5718K, capacity 6120K, committed 6220K, reserved 1048576K
}
Event: 606.099 GC heap after
{Heap after GC invocations=48 (full 0):
 garbage-first heap   total 262144K, used 49039K [0x0000000700000000, 0x0000000800000000)
  region size 1024K, 5 young (5120K), 5 survivors (5120K)
 Metaspace       used 46321K, capacity 47358K, committed 47612K, reserved 1091584K
  class space    used 5718K, capacity 6120K, committed 6220K, reserved 1048576K
}
Event: 606.203 GC heap before
{Heap before GC invocations=48 (full 0):
 garbage-first heap   total 262144K, used 172943K [0x0000000700000000, 0x0000000800000000)
  region size 1024K, 110 young (112640K), 5 survivors (5120K)
 Metaspace       used 46324K, capacity 47358K, committed 47612K, reserved 1091584K
  class space    used 5718K, capacity 6120K, committed 6220K, reserved 1048576K
}
Event: 606.206 GC heap after
{Heap after GC invocations=49 (full 0):
 garbage-first heap   total 262144K, used 67002K [0x0000000700000000, 0x0000000800000000)
  region size 1024K, 6 young (6144K), 6 survivors (6144K)
 Metaspace       used 46324K, capacity 47358K, committed 47612K, reserved 1091584K
  class space    used 5718K, capacity 6120K, committed 6220K, reserved 1048576K
}
Event: 606.807 GC heap before
{Heap before GC invocations=49 (full 0):
 garbage-first heap   total 262144K, used 108986K [0x0000000700000000, 0x0000000800000000)
  region size 1024K, 9 young (9216K), 6 survivors (6144K)
 Metaspace       used 46355K, capacity 47364K, committed 47612K, reserved 1091584K
  class space    used 5719K, capacity 6122K, committed 6220K, reserved 1048576K
}
Event: 606.811 GC heap after
{Heap after GC invocations=50 (full 0):
 garbage-first heap   total 262144K, used 84255K [0x0000000700000000, 0x0000000800000000)
  region size 1024K, 5 young (5120K), 5 survivors (5120K)
 Metaspace       used 46355K, capacity 47364K, committed 47612K, reserved 1091584K
  class space    used 5719K, capacity 6122K, committed 6220K, reserved 1048576K
}
Event: 606.970 GC heap before
{Heap before GC invocations=51 (full 0):
 garbage-first heap   total 262144K, used 107807K [0x0000000700000000, 0x0000000800000000)
  region size 1024K, 7 young (7168K), 5 survivors (5120K)
 Metaspace       used 46355K, capacity 47364K, committed 47612K, reserved 1091584K
  class space    used 5719K, capacity 6122K, committed 6220K, reserved 1048576K
}
Event: 606.973 GC heap after
{Heap after GC invocations=52 (full 0):
 garbage-first heap   total 262144K, used 49437K [0x0000000700000000, 0x0000000800000000)
  region size 1024K, 5 young (5120K), 5 survivors (5120K)
 Metaspace       used 46355K, capacity 47364K, committed 47612K, reserved 1091584K
  class space    used 5719K, capacity 6122K, committed 6220K, reserved 1048576K
}
Event: 607.426 GC heap before
{Heap before GC invocations=53 (full 0):
 garbage-first heap   total 262144K, used 108829K [0x0000000700000000, 0x0000000800000000)
  region size 1024K, 9 young (9216K), 5 survivors (5120K)
 Metaspace       used 46417K, capacity 47440K, committed 47612K, reserved 1091584K
  class space    used 5725K, capacity 6126K, committed 6220K, reserved 1048576K
}
Event: 607.429 GC heap after
{Heap after GC invocations=54 (full 0):
 garbage-first heap   total 262144K, used 84253K [0x0000000700000000, 0x0000000800000000)
  region size 1024K, 5 young (5120K), 5 survivors (5120K)
 Metaspace       used 46417K, capacity 47440K, committed 47612K, reserved 1091584K
  class space    used 5725K, capacity 6126K, committed 6220K, reserved 1048576K
}
Event: 607.535 GC heap before
{Heap before GC invocations=55 (full 0):
 garbage-first heap   total 262144K, used 106781K [0x0000000700000000, 0x0000000800000000)
  region size 1024K, 6 young (6144K), 5 survivors (5120K)
 Metaspace       used 46417K, capacity 47440K, committed 47612K, reserved 1091584K
  class space    used 5725K, capacity 6126K, committed 6220K, reserved 1048576K
}
Event: 607.539 GC heap after
{Heap after GC invocations=56 (full 0):
 garbage-first heap   total 262144K, used 49593K [0x0000000700000000, 0x0000000800000000)
  region size 1024K, 6 young (6144K), 6 survivors (6144K)
 Metaspace       used 46417K, capacity 47440K, committed 47612K, reserved 1091584K
  class space    used 5725K, capacity 6126K, committed 6220K, reserved 1048576K
}
Event: 633.195 GC heap before
{Heap before GC invocations=57 (full 0):
 garbage-first heap   total 262144K, used 166329K [0x0000000700000000, 0x0000000800000000)
  region size 1024K, 66 young (67584K), 6 survivors (6144K)
 Metaspace       used 47130K, capacity 48183K, committed 48380K, reserved 1091584K
  class space    used 5753K, capacity 6159K, committed 6220K, reserved 1048576K
}
Event: 633.215 GC heap after
{Heap after GC invocations=58 (full 0):
 garbage-first heap   total 262144K, used 88943K [0x0000000700000000, 0x0000000800000000)
  region size 1024K, 10 young (10240K), 10 survivors (10240K)
 Metaspace       used 47130K, capacity 48183K, committed 48380K, reserved 1091584K
  class space    used 5753K, capacity 6159K, committed 6220K, reserved 1048576K
}

