# JRE version: OpenJDK Runtime Environment (11.0.6+10) (build 11.0.6+10)
# Java VM: OpenJDK 64-Bit Server VM (11.0.6+10, mixed mode, tiered, compressed oops, g1 gc, bsd-amd64)
Heap:
 garbage-first heap   total 378880K, used 180710K [0x0000000700000000, 0x0000000800000000)
  region size 1024K, 3 young (3072K), 1 survivors (1024K)
 Metaspace       used 48377K, capacity 49435K, committed 49536K, reserved 1093632K
  class space    used 5825K, capacity 6260K, committed 6272K, reserved 1048576K
GC Heap History (20 events):
Event: 435.694 GC heap before
{Heap before GC invocations=157 (full 0):
 garbage-first heap   total 378880K, used 190166K [0x0000000700000000, 0x0000000800000000)
  region size 1024K, 8 young (8192K), 6 survivors (6144K)
 Metaspace       used 47824K, capacity 48915K, committed 49024K, reserved 1091584K
  class space    used 5812K, capacity 6258K, committed 6272K, reserved 1048576K
}
Event: 435.699 GC heap after
{Heap after GC invocations=158 (full 0):
 garbage-first heap   total 378880K, used 138089K [0x0000000700000000, 0x0000000800000000)
  region size 1024K, 7 young (7168K), 7 survivors (7168K)
 Metaspace       used 47824K, capacity 48915K, committed 49024K, reserved 1091584K
  class space    used 5812K, capacity 6258K, committed 6272K, reserved 1048576K
}
Event: 436.076 GC heap before
{Heap before GC invocations=159 (full 0):
 garbage-first heap   total 378880K, used 190313K [0x0000000700000000, 0x0000000800000000)
  region size 1024K, 9 young (9216K), 7 survivors (7168K)
 Metaspace       used 47829K, capacity 48915K, committed 49024K, reserved 1091584K
  class space    used 5812K, capacity 6258K, committed 6272K, reserved 1048576K
}
Event: 436.087 GC heap after
{Heap after GC invocations=160 (full 0):
 garbage-first heap   total 378880K, used 119510K [0x0000000700000000, 0x0000000800000000)
  region size 1024K, 6 young (6144K), 6 survivors (6144K)
 Metaspace       used 47829K, capacity 48915K, committed 49024K, reserved 1091584K
  class space    used 5812K, capacity 6258K, committed 6272K, reserved 1048576K
}
Event: 436.588 GC heap before
{Heap before GC invocations=161 (full 0):
 garbage-first heap   total 378880K, used 190166K [0x0000000700000000, 0x0000000800000000)
  region size 1024K, 8 young (8192K), 6 survivors (6144K)
 Metaspace       used 47829K, capacity 48915K, committed 49024K, reserved 1091584K
  class space    used 5812K, capacity 6258K, committed 6272K, reserved 1048576K
}
Event: 436.592 GC heap after
{Heap after GC invocations=162 (full 0):
 garbage-first heap   total 378880K, used 137942K [0x0000000700000000, 0x0000000800000000)
  region size 1024K, 6 young (6144K), 6 survivors (6144K)
 Metaspace       used 47829K, capacity 48915K, committed 49024K, reserved 1091584K
  class space    used 5812K, capacity 6258K, committed 6272K, reserved 1048576K
}
Event: 475.416 GC heap before
{Heap before GC invocations=163 (full 0):
 garbage-first heap   total 378880K, used 192214K [0x0000000700000000, 0x0000000800000000)
  region size 1024K, 10 young (10240K), 6 survivors (6144K)
 Metaspace       used 47834K, capacity 48915K, committed 49024K, reserved 1091584K
  class space    used 5812K, capacity 6258K, committed 6272K, reserved 1048576K
}
Event: 475.421 GC heap after
{Heap after GC invocations=164 (full 0):
 garbage-first heap   total 378880K, used 119334K [0x0000000700000000, 0x0000000800000000)
  region size 1024K, 6 young (6144K), 6 survivors (6144K)
 Metaspace       used 47834K, capacity 48915K, committed 49024K, reserved 1091584K
  class space    used 5812K, capacity 6258K, committed 6272K, reserved 1048576K
}
Event: 475.763 GC heap before
{Heap before GC invocations=165 (full 0):
 garbage-first heap   total 378880K, used 170534K [0x0000000700000000, 0x0000000800000000)
  region size 1024K, 7 young (7168K), 6 survivors (6144K)
 Metaspace       used 47835K, capacity 48915K, committed 49024K, reserved 1091584K
  class space    used 5812K, capacity 6258K, committed 6272K, reserved 1048576K
}
Event: 475.766 GC heap after
{Heap after GC invocations=166 (full 0):
 garbage-first heap   total 378880K, used 119651K [0x0000000700000000, 0x0000000800000000)
  region size 1024K, 7 young (7168K), 7 survivors (7168K)
 Metaspace       used 47835K, capacity 48915K, committed 49024K, reserved 1091584K
  class space    used 5812K, capacity 6258K, committed 6272K, reserved 1048576K
}
Event: 503.404 GC heap before
{Heap before GC invocations=167 (full 0):
 garbage-first heap   total 378880K, used 276323K [0x0000000700000000, 0x0000000800000000)
  region size 1024K, 107 young (109568K), 7 survivors (7168K)
 Metaspace       used 48221K, capacity 49305K, committed 49536K, reserved 1093632K
  class space    used 5822K, capacity 6260K, committed 6272K, reserved 1048576K
}
Event: 503.414 GC heap after
{Heap after GC invocations=168 (full 0):
 garbage-first heap   total 378880K, used 130456K [0x0000000700000000, 0x0000000800000000)
  region size 1024K, 13 young (13312K), 13 survivors (13312K)
 Metaspace       used 48221K, capacity 49305K, committed 49536K, reserved 1093632K
  class space    used 5822K, capacity 6260K, committed 6272K, reserved 1048576K
}
Event: 547.865 GC heap before
{Heap before GC invocations=168 (full 0):
 garbage-first heap   total 378880K, used 244120K [0x0000000700000000, 0x0000000800000000)
  region size 1024K, 119 young (121856K), 13 survivors (13312K)
 Metaspace       used 48323K, capacity 49371K, committed 49536K, reserved 1093632K
  class space    used 5822K, capacity 6260K, committed 6272K, reserved 1048576K
}
Event: 547.870 GC heap after
{Heap after GC invocations=169 (full 0):
 garbage-first heap   total 378880K, used 80560K [0x0000000700000000, 0x0000000800000000)
  region size 1024K, 6 young (6144K), 6 survivors (6144K)
 Metaspace       used 48323K, capacity 49371K, committed 49536K, reserved 1093632K
  class space    used 5822K, capacity 6260K, committed 6272K, reserved 1048576K
}
Event: 595.912 GC heap before
{Heap before GC invocations=169 (full 0):
 garbage-first heap   total 378880K, used 228016K [0x0000000700000000, 0x0000000800000000)
  region size 1024K, 77 young (78848K), 6 survivors (6144K)
 Metaspace       used 48353K, capacity 49371K, committed 49536K, reserved 1093632K
  class space    used 5822K, capacity 6260K, committed 6272K, reserved 1048576K
}
Event: 595.914 GC heap after
{Heap after GC invocations=170 (full 0):
 garbage-first heap   total 378880K, used 148085K [0x0000000700000000, 0x0000000800000000)
  region size 1024K, 1 young (1024K), 1 survivors (1024K)
 Metaspace       used 48353K, capacity 49371K, committed 49536K, reserved 1093632K
  class space    used 5822K, capacity 6260K, committed 6272K, reserved 1048576K
}
Event: 596.642 GC heap before
{Heap before GC invocations=171 (full 0):
 garbage-first heap   total 378880K, used 201333K [0x0000000700000000, 0x0000000800000000)
  region size 1024K, 4 young (4096K), 1 survivors (1024K)
 Metaspace       used 48362K, capacity 49435K, committed 49536K, reserved 1093632K
  class space    used 5823K, capacity 6260K, committed 6272K, reserved 1048576K
}
Event: 596.645 GC heap after
{Heap after GC invocations=172 (full 0):
 garbage-first heap   total 378880K, used 120037K [0x0000000700000000, 0x0000000800000000)
  region size 1024K, 1 young (1024K), 1 survivors (1024K)
 Metaspace       used 48362K, capacity 49435K, committed 49536K, reserved 1093632K
  class space    used 5823K, capacity 6260K, committed 6272K, reserved 1048576K
}
Event: 674.735 GC heap before
{Heap before GC invocations=173 (full 0):
 garbage-first heap   total 378880K, used 164069K [0x0000000700000000, 0x0000000800000000)
  region size 1024K, 7 young (7168K), 1 survivors (1024K)
 Metaspace       used 48377K, capacity 49435K, committed 49536K, reserved 1093632K
  class space    used 5825K, capacity 6260K, committed 6272K, reserved 1048576K
}
Event: 674.763 GC heap after
{Heap after GC invocations=174 (full 0):
 garbage-first heap   total 378880K, used 106982K [0x0000000700000000, 0x0000000800000000)
  region size 1024K, 1 young (1024K), 1 survivors (1024K)
 Metaspace       used 48377K, capacity 49435K, committed 49536K, reserved 1093632K
  class space    used 5825K, capacity 6260K, committed 6272K, reserved 1048576K
}

